# JRE version: Java(TM) SE Runtime Environment (8.0_91-b15) (build 1.8.0_91-b15)
# Java VM: Java HotSpot(TM) 64-Bit Server VM (25.91-b15 mixed mode windows-amd64 compressed oops)
Heap:
 PSYoungGen      total 134144K, used 126773K [0x00000000eab00000, 0x00000000f4680000, 0x0000000100000000)
  eden space 119808K, 100% used [0x00000000eab00000,0x00000000f2000000,0x00000000f2000000)
  from space 14336K, 48% used [0x00000000f2000000,0x00000000f26cd588,0x00000000f2e00000)
  to   space 13824K, 0% used [0x00000000f3900000,0x00000000f3900000,0x00000000f4680000)
 ParOldGen       total 120320K, used 17815K [0x00000000c0000000, 0x00000000c7580000, 0x00000000eab00000)
  object space 120320K, 14% used [0x00000000c0000000,0x00000000c1165e28,0x00000000c7580000)
 Metaspace       used 46850K, capacity 48188K, committed 48512K, reserved 1091584K
  class space    used 6459K, capacity 6707K, committed 6784K, reserved 1048576K
GC Heap History (10 events):
Event: 6.107 GC heap before
{Heap before GC invocations=9 (full 2):
 PSYoungGen      total 95744K, used 94893K [0x00000000eab00000, 0x00000000f3980000, 0x0000000100000000)
  eden space 87552K, 100% used [0x00000000eab00000,0x00000000f0080000,0x00000000f0080000)
  from space 8192K, 89% used [0x00000000f0f00000,0x00000000f162b4c8,0x00000000f1700000)
  to   space 14848K, 0% used [0x00000000f0080000,0x00000000f0080000,0x00000000f0f00000)
 ParOldGen       total 120320K, used 17775K [0x00000000c0000000, 0x00000000c7580000, 0x00000000eab00000)
  object space 120320K, 14% used [0x00000000c0000000,0x00000000c115be28,0x00000000c7580000)
 Metaspace       used 38402K, capacity 39122K, committed 39296K, reserved 1083392K
  class space    used 5254K, capacity 5432K, committed 5504K, reserved 1048576K
Event: 6.109 GC heap after
Heap after GC invocations=9 (full 2):
 PSYoungGen      total 102400K, used 5119K [0x00000000eab00000, 0x00000000f3400000, 0x0000000100000000)
  eden space 87552K, 0% used [0x00000000eab00000,0x00000000eab00000,0x00000000f0080000)
  from space 14848K, 34% used [0x00000000f0080000,0x00000000f057fe08,0x00000000f0f00000)
  to   space 14848K, 0% used [0x00000000f2580000,0x00000000f2580000,0x00000000f3400000)
 ParOldGen       total 120320K, used 17783K [0x00000000c0000000, 0x00000000c7580000, 0x00000000eab00000)
  object space 120320K, 14% used [0x00000000c0000000,0x00000000c115de28,0x00000000c7580000)
 Metaspace       used 38402K, capacity 39122K, committed 39296K, reserved 1083392K
  class space    used 5254K, capacity 5432K, committed 5504K, reserved 1048576K
}
Event: 7.350 GC heap before
{Heap before GC invocations=10 (full 2):
 PSYoungGen      total 102400K, used 92671K [0x00000000eab00000, 0x00000000f3400000, 0x0000000100000000)
  eden space 87552K, 100% used [0x00000000eab00000,0x00000000f0080000,0x00000000f0080000)
  from space 14848K, 34% used [0x00000000f0080000,0x00000000f057fe08,0x00000000f0f00000)
  to   space 14848K, 0% used [0x00000000f2580000,0x00000000f2580000,0x00000000f3400000)
 ParOldGen       total 120320K, used 17783K [0x00000000c0000000, 0x00000000c7580000, 0x00000000eab00000)
  object space 120320K, 14% used [0x00000000c0000000,0x00000000c115de28,0x00000000c7580000)
 Metaspace       used 38402K, capacity 39122K, committed 39296K, reserved 1083392K
  class space    used 5254K, capacity 5432K, committed 5504K, reserved 1048576K
Event: 7.353 GC heap after
Heap after GC invocations=10 (full 2):
 PSYoungGen      total 119296K, used 5138K [0x00000000eab00000, 0x00000000f3100000, 0x0000000100000000)
  eden space 107520K, 0% used [0x00000000eab00000,0x00000000eab00000,0x00000000f1400000)
  from space 11776K, 43% used [0x00000000f2580000,0x00000000f2a84a98,0x00000000f3100000)
  to   space 14848K, 0% used [0x00000000f1400000,0x00000000f1400000,0x00000000f2280000)
 ParOldGen       total 120320K, used 17791K [0x00000000c0000000, 0x00000000c7580000, 0x00000000eab00000)
  object space 120320K, 14% used [0x00000000c0000000,0x00000000c115fe28,0x00000000c7580000)
 Metaspace       used 38402K, capacity 39122K, committed 39296K, reserved 1083392K
  class space    used 5254K, capacity 5432K, committed 5504K, reserved 1048576K
}
Event: 8.251 GC heap before
{Heap before GC invocations=11 (full 2):
 PSYoungGen      total 119296K, used 112658K [0x00000000eab00000, 0x00000000f3100000, 0x0000000100000000)
  eden space 107520K, 100% used [0x00000000eab00000,0x00000000f1400000,0x00000000f1400000)
  from space 11776K, 43% used [0x00000000f2580000,0x00000000f2a84a98,0x00000000f3100000)
  to   space 14848K, 0% used [0x00000000f1400000,0x00000000f1400000,0x00000000f2280000)
 ParOldGen       total 120320K, used 17791K [0x00000000c0000000, 0x00000000c7580000, 0x00000000eab00000)
  object space 120320K, 14% used [0x00000000c0000000,0x00000000c115fe28,0x00000000c7580000)
 Metaspace       used 42639K, capacity 43496K, committed 43776K, reserved 1087488K
  class space    used 5809K, capacity 6025K, committed 6144K, reserved 1048576K
Event: 8.255 GC heap after
Heap after GC invocations=11 (full 2):
 PSYoungGen      total 122368K, used 9221K [0x00000000eab00000, 0x00000000f3d80000, 0x0000000100000000)
  eden space 107520K, 0% used [0x00000000eab00000,0x00000000eab00000,0x00000000f1400000)
  from space 14848K, 62% used [0x00000000f1400000,0x00000000f1d015d0,0x00000000f2280000)
  to   space 14336K, 0% used [0x00000000f2f80000,0x00000000f2f80000,0x00000000f3d80000)
 ParOldGen       total 120320K, used 17799K [0x00000000c0000000, 0x00000000c7580000, 0x00000000eab00000)
  object space 120320K, 14% used [0x00000000c0000000,0x00000000c1161e28,0x00000000c7580000)
 Metaspace       used 42639K, capacity 43496K, committed 43776K, reserved 1087488K
  class space    used 5809K, capacity 6025K, committed 6144K, reserved 1048576K
}
Event: 9.827 GC heap before
{Heap before GC invocations=12 (full 2):
 PSYoungGen      total 122368K, used 116741K [0x00000000eab00000, 0x00000000f3d80000, 0x0000000100000000)
  eden space 107520K, 100% used [0x00000000eab00000,0x00000000f1400000,0x00000000f1400000)
  from space 14848K, 62% used [0x00000000f1400000,0x00000000f1d015d0,0x00000000f2280000)
  to   space 14336K, 0% used [0x00000000f2f80000,0x00000000f2f80000,0x00000000f3d80000)
 ParOldGen       total 120320K, used 17799K [0x00000000c0000000, 0x00000000c7580000, 0x00000000eab00000)
  object space 120320K, 14% used [0x00000000c0000000,0x00000000c1161e28,0x00000000c7580000)
 Metaspace       used 42639K, capacity 43496K, committed 43776K, reserved 1087488K
  class space    used 5809K, capacity 6025K, committed 6144K, reserved 1048576K
Event: 9.830 GC heap after
Heap after GC invocations=12 (full 2):
 PSYoungGen      total 132608K, used 6147K [0x00000000eab00000, 0x00000000f3c00000, 0x0000000100000000)
  eden space 119808K, 0% used [0x00000000eab00000,0x00000000eab00000,0x00000000f2000000)
  from space 12800K, 48% used [0x00000000f2f80000,0x00000000f3580c70,0x00000000f3c00000)
  to   space 14336K, 0% used [0x00000000f2000000,0x00000000f2000000,0x00000000f2e00000)
 ParOldGen       total 120320K, used 17807K [0x00000000c0000000, 0x00000000c7580000, 0x00000000eab00000)
  object space 120320K, 14% used [0x00000000c0000000,0x00000000c1163e28,0x00000000c7580000)
 Metaspace       used 42639K, capacity 43496K, committed 43776K, reserved 1087488K
  class space    used 5809K, capacity 6025K, committed 6144K, reserved 1048576K
}
Event: 11.437 GC heap before
{Heap before GC invocations=13 (full 2):
 PSYoungGen      total 132608K, used 125955K [0x00000000eab00000, 0x00000000f3c00000, 0x0000000100000000)
  eden space 119808K, 100% used [0x00000000eab00000,0x00000000f2000000,0x00000000f2000000)
  from space 12800K, 48% used [0x00000000f2f80000,0x00000000f3580c70,0x00000000f3c00000)
  to   space 14336K, 0% used [0x00000000f2000000,0x00000000f2000000,0x00000000f2e00000)
 ParOldGen       total 120320K, used 17807K [0x00000000c0000000, 0x00000000c7580000, 0x00000000eab00000)
  object space 120320K, 14% used [0x00000000c0000000,0x00000000c1163e28,0x00000000c7580000)
 Metaspace       used 42709K, capacity 43496K, committed 43776K, reserved 1087488K
  class space    used 5816K, capacity 6025K, committed 6144K, reserved 1048576K
Event: 11.441 GC heap after
Heap after GC invocations=13 (full 2):
 PSYoungGen      total 134144K, used 6965K [0x00000000eab00000, 0x00000000f4680000, 0x0000000100000000)
  eden space 119808K, 0% used [0x00000000eab00000,0x00000000eab00000,0x00000000f2000000)
  from space 14336K, 48% used [0x00000000f2000000,0x00000000f26cd588,0x00000000f2e00000)
  to   space 13824K, 0% used [0x00000000f3900000,0x00000000f3900000,0x00000000f4680000)
 ParOldGen       total 120320K, used 17815K [0x00000000c0000000, 0x00000000c7580000, 0x00000000eab00000)
  object space 120320K, 14% used [0x00000000c0000000,0x00000000c1165e28,0x00000000c7580000)
 Metaspace       used 42709K, capacity 43496K, committed 43776K, reserved 1087488K
  class space    used 5816K, capacity 6025K, committed 6144K, reserved 1048576K
}

